<?xml version="1.0" encoding="UTF-8"?>
<!-- Generated by org.testng.reporters.JUnitXMLReporter -->
<testsuite hostname="LAPTOP-MDER6JIO" ignored="0" name="registration" tests="1" failures="1" timestamp="12 Feb 2019 02:42:40 GMT" time="10.033" errors="0">
  <testcase name="testEmergencyRegistration" time="2.319" classname="com.hms.registration.TestEmergencyRegistration">
    <failure type="org.openqa.selenium.InvalidArgumentException" message="File not found: H:\Project\Backup zips\taf-20-20190207\taf-20\src\test\resources\testdata\temp.txt
Build info: version: &amp;apos;3.5.3&amp;apos;, revision: &amp;apos;a88d25fe6b&amp;apos;, time: &amp;apos;2017-08-29T12:42:44.417Z&amp;apos;
System info: host: &amp;apos;LAPTOP-MDER6JIO&amp;apos;, ip: &amp;apos;192.168.2.132&amp;apos;, os.name: &amp;apos;Windows 10&amp;apos;, os.arch: &amp;apos;amd64&amp;apos;, os.version: &amp;apos;10.0&amp;apos;, java.version: &amp;apos;1.8.0_201&amp;apos;
Driver info: org.openqa.selenium.firefox.FirefoxDriver
Capabilities [{moz:profile=C:\Users\Vimal\AppData\Local\Temp\rust_mozprofile.Bf8N7IwzNG44, rotatable=false, moz:geckodriverVersion=0.23.0, timeouts={implicit=0, pageLoad=300000, script=30000}, pageLoadStrategy=normal, unhandledPromptBehavior=dismiss and notify, strictFileInteractability=false, moz:headless=false, platform=XP, moz:accessibilityChecks=false, moz:useNonSpecCompliantPointerOrigin=false, acceptInsecureCerts=false, browserVersion=65.0, moz:shutdownTimeout=60000, platformVersion=10.0, moz:processID=6900, browserName=firefox, javascriptEnabled=true, platformName=XP, setWindowRect=true, moz:webdriverClick=true}]
Session ID: bced2bc8-5265-4355-ba9d-fd3227457810">
      <![CDATA[org.openqa.selenium.InvalidArgumentException: File not found: H:\Project\Backup zips\taf-20-20190207\taf-20\src\test\resources\testdata\temp.txt
Build info: version: '3.5.3', revision: 'a88d25fe6b', time: '2017-08-29T12:42:44.417Z'
System info: host: 'LAPTOP-MDER6JIO', ip: '192.168.2.132', os.name: 'Windows 10', os.arch: 'amd64', os.version: '10.0', java.version: '1.8.0_201'
Driver info: org.openqa.selenium.firefox.FirefoxDriver
Capabilities [{moz:profile=C:\Users\Vimal\AppData\Local\Temp\rust_mozprofile.Bf8N7IwzNG44, rotatable=false, moz:geckodriverVersion=0.23.0, timeouts={implicit=0, pageLoad=300000, script=30000}, pageLoadStrategy=normal, unhandledPromptBehavior=dismiss and notify, strictFileInteractability=false, moz:headless=false, platform=XP, moz:accessibilityChecks=false, moz:useNonSpecCompliantPointerOrigin=false, acceptInsecureCerts=false, browserVersion=65.0, moz:shutdownTimeout=60000, platformVersion=10.0, moz:processID=6900, browserName=firefox, javascriptEnabled=true, platformName=XP, setWindowRect=true, moz:webdriverClick=true}]
Session ID: bced2bc8-5265-4355-ba9d-fd3227457810
	at org.openqa.selenium.remote.http.W3CHttpResponseCodec.createException(W3CHttpResponseCodec.java:185)
	at org.openqa.selenium.remote.http.W3CHttpResponseCodec.decode(W3CHttpResponseCodec.java:120)
	at org.openqa.selenium.remote.http.W3CHttpResponseCodec.decode(W3CHttpResponseCodec.java:49)
	at org.openqa.selenium.remote.HttpCommandExecutor.execute(HttpCommandExecutor.java:164)
	at org.openqa.selenium.remote.service.DriverCommandExecutor.execute(DriverCommandExecutor.java:82)
	at org.openqa.selenium.remote.RemoteWebDriver.execute(RemoteWebDriver.java:646)
	at org.openqa.selenium.remote.RemoteWebElement.execute(RemoteWebElement.java:275)
	at org.openqa.selenium.remote.RemoteWebElement.sendKeys(RemoteWebElement.java:99)
	at com.hms.registration.EmergencyRegistration.emergencyRegistrationSave(EmergencyRegistration.java:55)
	at com.hms.registration.TestEmergencyRegistration.testEmergencyRegistration(TestEmergencyRegistration.java:26)
... Removed 29 stack frames]]>
    </failure>
  </testcase> <!-- testEmergencyRegistration -->
</testsuite> <!-- registration -->
