<?xml version="1.0" encoding="UTF-8"?>
<testng-results skipped="0" failed="0" ignored="0" total="0" passed="0">
  <reporter-output>
  </reporter-output>
  <suite name="HMSMainSuite" duration-ms="0" started-at="2019-03-15T11:33:00Z" finished-at="2019-03-15T11:33:00Z">
    <groups>
    </groups>
  </suite> <!-- HMSMainSuite -->
  <suite name="registration_suite" duration-ms="9502" started-at="2019-03-15T11:32:32Z" finished-at="2019-03-15T11:32:42Z">
    <groups>
    </groups>
    <test name="Permanentregistration" duration-ms="9502" started-at="2019-03-15T11:32:32Z" finished-at="2019-03-15T11:32:42Z">
      <class name="com.hms.registration.TestPermanenetRegistration">
        <test-method status="PASS" signature="launchBrowser()[pri:0, instance:com.hms.registration.TestPermanenetRegistration@12f41634]" name="launchBrowser" is-config="true" duration-ms="18502" started-at="2019-03-15T17:02:14Z" finished-at="2019-03-15T17:02:32Z">
          <reporter-output>
          </reporter-output>
        </test-method> <!-- launchBrowser -->
        <test-method status="PASS" signature="login()[pri:0, instance:com.hms.registration.TestPermanenetRegistration@12f41634]" name="login" is-config="true" duration-ms="7681" started-at="2019-03-15T17:02:33Z" finished-at="2019-03-15T17:02:40Z">
          <reporter-output>
          </reporter-output>
        </test-method> <!-- login -->
        <test-method status="PASS" signature="beforeClass()[pri:0, instance:com.hms.registration.TestPermanenetRegistration@12f41634]" name="beforeClass" is-config="true" duration-ms="1782" started-at="2019-03-15T17:02:40Z" finished-at="2019-03-15T17:02:42Z">
          <reporter-output>
          </reporter-output>
        </test-method> <!-- beforeClass -->
      </class> <!-- com.hms.registration.TestPermanenetRegistration -->
    </test> <!-- Permanentregistration -->
  </suite> <!-- registration_suite -->
  <suite name="registration_suite (0)" duration-ms="7514" started-at="2019-03-15T11:32:51Z" finished-at="2019-03-15T11:32:58Z">
    <groups>
    </groups>
    <test name="registration" duration-ms="7514" started-at="2019-03-15T11:32:51Z" finished-at="2019-03-15T11:32:58Z">
      <class name="com.hms.registration.TestEmergencyRegistration">
        <test-method status="PASS" signature="launchBrowser()[pri:0, instance:com.hms.registration.TestEmergencyRegistration@8646db9]" name="launchBrowser" is-config="true" duration-ms="8844" started-at="2019-03-15T17:02:42Z" finished-at="2019-03-15T17:02:51Z">
          <reporter-output>
          </reporter-output>
        </test-method> <!-- launchBrowser -->
        <test-method status="PASS" signature="login()[pri:0, instance:com.hms.registration.TestEmergencyRegistration@8646db9]" name="login" is-config="true" duration-ms="7298" started-at="2019-03-15T17:02:51Z" finished-at="2019-03-15T17:02:58Z">
          <reporter-output>
          </reporter-output>
        </test-method> <!-- login -->
        <test-method status="PASS" signature="beforeClass()[pri:0, instance:com.hms.registration.TestEmergencyRegistration@8646db9]" name="beforeClass" is-config="true" duration-ms="213" started-at="2019-03-15T17:02:58Z" finished-at="2019-03-15T17:02:58Z">
          <reporter-output>
          </reporter-output>
        </test-method> <!-- beforeClass -->
      </class> <!-- com.hms.registration.TestEmergencyRegistration -->
    </test> <!-- registration -->
  </suite> <!-- registration_suite (0) -->
</testng-results>
